<?xml version="1.0" encoding="UTF-8"?>
<!-- Generated by org.testng.reporters.JUnitReportReporter -->
<testsuite hostname="ONKARHT111" failures="0" tests="3" name="testrunners.Test_Runner_API" time="40.088" errors="0" timestamp="2023-04-19T14:48:27 IST" skipped="0">
  <testcase classname="testrunners.Test_Runner_API" name="runScenario" time="31.305"/>
  <system-out/>
  <testcase classname="testrunners.Test_Runner_API" name="runScenario" time="0.228"/>
  <system-out/>
  <testcase classname="testrunners.Test_Runner_API" name="runScenario" time="8.555"/>
  <system-out/>
</testsuite> <!-- testrunners.Test_Runner_API -->
