<?xml version="1.0" encoding="UTF-8"?>
<!-- Generated by org.testng.reporters.JUnitReportReporter -->
<testsuite hostname="ONKARHT111" failures="0" tests="1" name="cucumberbdd_API.POST_API_Automation" time="3.139" errors="0" timestamp="2023-03-30T19:06:48 IST" skipped="0">
  <testcase classname="cucumberbdd_API.POST_API_Automation" name="testPost" time="3.139"/>
  <system-out/>
</testsuite> <!-- cucumberbdd_API.POST_API_Automation -->
