<?xml version="1.0" encoding="UTF-8"?>
<!-- Generated by org.testng.reporters.JUnitReportReporter -->
<testsuite hostname="ONKARHT111" failures="0" tests="1" name="cucumberbdd_API.GET_API_Automation" time="2.119" errors="0" timestamp="2023-04-04T11:01:52 IST" skipped="0">
  <testcase classname="cucumberbdd_API.GET_API_Automation" name="listUsersDetails" time="2.119"/>
  <system-out/>
</testsuite> <!-- cucumberbdd_API.GET_API_Automation -->
