<?xml version="1.0" encoding="UTF-8"?>
<!-- Generated by org.testng.reporters.JUnitReportReporter -->
<testsuite hostname="ONKARHT111" failures="0" tests="1" name="testrunners.Test_Runner_UI" time="47.044" errors="0" timestamp="2023-04-24T10:51:19 IST" skipped="0">
  <testcase classname="testrunners.Test_Runner_UI" name="runScenario" time="47.044"/>
  <system-out/>
</testsuite> <!-- testrunners.Test_Runner_UI -->
